<?xml version="1.0" encoding="UTF-8"?>
<testsuites name="TEST 1" time="12.016" tests="5" failures="0" errors="0">
   <testsuite name="TEST 1" tests="5" failures="0" errors="0" time="12.016" skipped="0" timestamp="2022-10-23 07:49:15" hostname="macbook - localhost" id="Test Suites/TEST 1/TEST 1">
      <properties>
         <property name="deviceName" value=""/>
         <property name="devicePlatform" value=""/>
         <property name="logFolder" value="/Users/macbook/git/testing-loyalto/Reports/20221023_074912/TEST 1/TEST 1/20221023_074912"/>
         <property name="logFiles" value="/Users/macbook/git/testing-loyalto/Reports/20221023_074912/TEST 1/TEST 1/20221023_074912/execution0.log"/>
         <property name="attachments" value=""/>
         <property name="hostName" value="macbook - localhost"/>
         <property name="hostAddress" value="127.0.0.1"/>
         <property name="os" value="Mac OS X 64bit"/>
         <property name="katalonVersion" value="8.4.0.208"/>
      </properties>
      <testcase name="Test Cases/Validation create user" time="4.659" classname="Test Cases/Validation create user" status="PASSED">
         <system-out><![CDATA[2022-10-23 07:49:16 - [TEST_CASE][PASSED] - Test Cases/Validation create user: Test Cases/Validation create user

2022-10-23 07:49:16 - [TEST_STEP][PASSED] - sendRequest(findTestObject("POST/POST CREATE USER")): Send request successfully

2022-10-23 07:49:19 - [MESSAGE][INFO] - HAR: /Users/macbook/git/testing-loyalto/Reports/20221023_074912/TEST 1/TEST 1/20221023_074912/requests/main/0.har

2022-10-23 07:49:19 - [MESSAGE][PASSED] - Send request successfully

2022-10-23 07:49:19 - [TEST_STEP][PASSED] - response = sendRequestAndVerify(findTestObject("POST/POST CREATE USER")): Send request and verify the response successfully

2022-10-23 07:49:20 - [MESSAGE][INFO] - HAR: /Users/macbook/git/testing-loyalto/Reports/20221023_074912/TEST 1/TEST 1/20221023_074912/requests/main/1.har

2022-10-23 07:49:20 - [TEST_CASE][PASSED] - Start Test Case : Verification: Verification accomplished successfully

2022-10-23 07:49:20 - [TEST_STEP][PASSED] - request = getInstance().getCurrentRequest(): null

2022-10-23 07:49:20 - [TEST_STEP][PASSED] - response = getInstance().getCurrentResponse(): null

2022-10-23 07:49:20 - [TEST_STEP][PASSED] - verifyResponseStatusCode(response, 201): Verify response status code successfully

2022-10-23 07:49:20 - [MESSAGE][PASSED] - Verify response status code successfully

2022-10-23 07:49:20 - [TEST_STEP][PASSED] - getStatusCode()).isEqualTo(201): null

2022-10-23 07:49:20 - [TEST_STEP][PASSED] - getStatusCode()).isIn(Arrays.asList(200, 201, 202)): null

2022-10-23 07:49:20 - [MESSAGE][PASSED] - Verify response successfully

2022-10-23 07:49:20 - [MESSAGE][PASSED] - All validation steps have been passed

2022-10-23 07:49:20 - [MESSAGE][PASSED] - Send request and verify the response successfully

2022-10-23 07:49:20 - [TEST_STEP][PASSED] - verifyResponseStatusCode(response, 201): Verify response status code successfully

2022-10-23 07:49:20 - [MESSAGE][PASSED] - Verify response status code successfully]]></system-out>
         <system-err><![CDATA[]]></system-err>
      </testcase>
      <testcase name="Test Cases/Validation Register user succesfull" time="2.057" classname="Test Cases/Validation Register user succesfull" status="PASSED">
         <system-out><![CDATA[2022-10-23 07:49:20 - [TEST_CASE][PASSED] - Test Cases/Validation Register user succesfull: Test Cases/Validation Register user succesfull

2022-10-23 07:49:21 - [TEST_STEP][PASSED] - sendRequest(findTestObject("POST/POST REGISTER USER")): Send request successfully

2022-10-23 07:49:21 - [MESSAGE][INFO] - HAR: /Users/macbook/git/testing-loyalto/Reports/20221023_074912/TEST 1/TEST 1/20221023_074912/requests/main/2.har

2022-10-23 07:49:21 - [MESSAGE][PASSED] - Send request successfully

2022-10-23 07:49:21 - [TEST_STEP][PASSED] - response = sendRequestAndVerify(findTestObject("POST/POST REGISTER USER")): Send request and verify the response successfully

2022-10-23 07:49:22 - [MESSAGE][INFO] - HAR: /Users/macbook/git/testing-loyalto/Reports/20221023_074912/TEST 1/TEST 1/20221023_074912/requests/main/3.har

2022-10-23 07:49:22 - [TEST_CASE][PASSED] - Start Test Case : Verification: Verification accomplished successfully

2022-10-23 07:49:22 - [TEST_STEP][PASSED] - request = getInstance().getCurrentRequest(): null

2022-10-23 07:49:22 - [TEST_STEP][PASSED] - response = getInstance().getCurrentResponse(): null

2022-10-23 07:49:22 - [TEST_STEP][PASSED] - verifyResponseStatusCode(response, 200): Verify response status code successfully

2022-10-23 07:49:22 - [MESSAGE][PASSED] - Verify response status code successfully

2022-10-23 07:49:22 - [TEST_STEP][PASSED] - getStatusCode()).isEqualTo(200): null

2022-10-23 07:49:22 - [TEST_STEP][PASSED] - getStatusCode()).isIn(Arrays.asList(200, 201, 202)): null

2022-10-23 07:49:22 - [MESSAGE][PASSED] - Verify response successfully

2022-10-23 07:49:22 - [MESSAGE][PASSED] - All validation steps have been passed

2022-10-23 07:49:22 - [MESSAGE][PASSED] - Send request and verify the response successfully

2022-10-23 07:49:22 - [TEST_STEP][PASSED] - verifyResponseStatusCode(response, 200): Verify response status code successfully

2022-10-23 07:49:22 - [MESSAGE][PASSED] - Verify response status code successfully]]></system-out>
         <system-err><![CDATA[]]></system-err>
      </testcase>
      <testcase name="Test Cases/Validation response single user" time="1.427" classname="Test Cases/Validation response single user" status="PASSED">
         <system-out><![CDATA[2022-10-23 07:49:22 - [TEST_CASE][PASSED] - Test Cases/Validation response single user: Test Cases/Validation response single user

2022-10-23 07:49:23 - [TEST_STEP][PASSED] - sendRequest(findTestObject("GET/Get single user")): Send request successfully

2022-10-23 07:49:23 - [MESSAGE][INFO] - HAR: /Users/macbook/git/testing-loyalto/Reports/20221023_074912/TEST 1/TEST 1/20221023_074912/requests/main/4.har

2022-10-23 07:49:23 - [MESSAGE][PASSED] - Send request successfully

2022-10-23 07:49:23 - [TEST_STEP][PASSED] - response = sendRequestAndVerify(findTestObject("GET/Get single user")): Send request and verify the response successfully

2022-10-23 07:49:23 - [MESSAGE][INFO] - HAR: /Users/macbook/git/testing-loyalto/Reports/20221023_074912/TEST 1/TEST 1/20221023_074912/requests/main/5.har

2022-10-23 07:49:23 - [TEST_CASE][PASSED] - Start Test Case : Verification: Verification accomplished successfully

2022-10-23 07:49:24 - [TEST_STEP][PASSED] - request = getInstance().getCurrentRequest(): null

2022-10-23 07:49:24 - [TEST_STEP][PASSED] - response = getInstance().getCurrentResponse(): null

2022-10-23 07:49:24 - [TEST_STEP][PASSED] - verifyResponseStatusCode(response, 200): Verify response status code successfully

2022-10-23 07:49:24 - [MESSAGE][PASSED] - Verify response status code successfully

2022-10-23 07:49:24 - [TEST_STEP][PASSED] - getStatusCode()).isEqualTo(200): null

2022-10-23 07:49:24 - [TEST_STEP][PASSED] - getStatusCode()).isIn(Arrays.asList(200, 201, 202)): null

2022-10-23 07:49:24 - [TEST_STEP][PASSED] - verifyElementPropertyValue(response, "data.first_name", "George"): Verify element property value successfully

2022-10-23 07:49:24 - [MESSAGE][PASSED] - Verify element property value successfully

2022-10-23 07:49:24 - [TEST_STEP][PASSED] - verifyResponseStatusCode(response, 200): Verify response status code successfully

2022-10-23 07:49:24 - [MESSAGE][PASSED] - Verify response status code successfully

2022-10-23 07:49:24 - [TEST_STEP][PASSED] - getStatusCode()).isEqualTo(200): null

2022-10-23 07:49:24 - [MESSAGE][PASSED] - Verify response successfully

2022-10-23 07:49:24 - [MESSAGE][PASSED] - All validation steps have been passed

2022-10-23 07:49:24 - [MESSAGE][PASSED] - Send request and verify the response successfully

2022-10-23 07:49:24 - [TEST_STEP][PASSED] - verifyResponseStatusCode(response, 200): Verify response status code successfully

2022-10-23 07:49:24 - [MESSAGE][PASSED] - Verify response status code successfully

2022-10-23 07:49:24 - [TEST_STEP][PASSED] - verifyElementPropertyValue(response, "data.first_name", "George"): Verify element property value successfully

2022-10-23 07:49:24 - [MESSAGE][PASSED] - Verify element property value successfully]]></system-out>
         <system-err><![CDATA[]]></system-err>
      </testcase>
      <testcase name="Test Cases/Validation response dan verify JSON value" time="1.596" classname="Test Cases/Validation response dan verify JSON value" status="PASSED">
         <system-out><![CDATA[2022-10-23 07:49:24 - [TEST_CASE][PASSED] - Test Cases/Validation response dan verify JSON value: Test Cases/Validation response dan verify JSON value

2022-10-23 07:49:24 - [TEST_STEP][PASSED] - sendRequest(findTestObject("GET/Get list user")): Send request successfully

2022-10-23 07:49:24 - [MESSAGE][INFO] - HAR: /Users/macbook/git/testing-loyalto/Reports/20221023_074912/TEST 1/TEST 1/20221023_074912/requests/main/6.har

2022-10-23 07:49:24 - [MESSAGE][PASSED] - Send request successfully

2022-10-23 07:49:24 - [TEST_STEP][PASSED] - response = sendRequestAndVerify(findTestObject("GET/Get list user")): Send request and verify the response successfully

2022-10-23 07:49:25 - [MESSAGE][INFO] - HAR: /Users/macbook/git/testing-loyalto/Reports/20221023_074912/TEST 1/TEST 1/20221023_074912/requests/main/7.har

2022-10-23 07:49:25 - [TEST_CASE][PASSED] - Start Test Case : Verification: Verification accomplished successfully

2022-10-23 07:49:25 - [TEST_STEP][PASSED] - request = getInstance().getCurrentRequest(): null

2022-10-23 07:49:25 - [TEST_STEP][PASSED] - response = getInstance().getCurrentResponse(): null

2022-10-23 07:49:25 - [TEST_STEP][PASSED] - verifyResponseStatusCode(response, 200): Verify response status code successfully

2022-10-23 07:49:25 - [MESSAGE][PASSED] - Verify response status code successfully

2022-10-23 07:49:25 - [TEST_STEP][PASSED] - getStatusCode()).isEqualTo(200): null

2022-10-23 07:49:25 - [TEST_STEP][PASSED] - getStatusCode()).isIn(Arrays.asList(200, 201, 202)): null

2022-10-23 07:49:25 - [TEST_STEP][PASSED] - verifyElementPropertyValue(response, "data[4].first_name", "Charles"): Verify element property value successfully

2022-10-23 07:49:25 - [MESSAGE][PASSED] - Verify element property value successfully

2022-10-23 07:49:25 - [MESSAGE][PASSED] - Verify response successfully

2022-10-23 07:49:25 - [MESSAGE][PASSED] - All validation steps have been passed

2022-10-23 07:49:25 - [MESSAGE][PASSED] - Send request and verify the response successfully

2022-10-23 07:49:25 - [TEST_STEP][PASSED] - verifyResponseStatusCode(response, 200): Verify response status code successfully

2022-10-23 07:49:25 - [MESSAGE][PASSED] - Verify response status code successfully

2022-10-23 07:49:25 - [TEST_STEP][PASSED] - verifyElementsCount(response, "data.first_name", 6): Verify element count successfully

2022-10-23 07:49:25 - [MESSAGE][PASSED] - Verify element count successfully

2022-10-23 07:49:25 - [TEST_STEP][PASSED] - verifyElementPropertyValue(response, "data[4].first_name", "Charles"): Verify element property value successfully

2022-10-23 07:49:25 - [MESSAGE][PASSED] - Verify element property value successfully]]></system-out>
         <system-err><![CDATA[]]></system-err>
      </testcase>
      <testcase name="Test Cases/Validation Update User" time="1.789" classname="Test Cases/Validation Update User" status="PASSED">
         <system-out><![CDATA[2022-10-23 07:49:25 - [TEST_CASE][PASSED] - Test Cases/Validation Update User: Test Cases/Validation Update User

2022-10-23 07:49:26 - [TEST_STEP][PASSED] - sendRequest(findTestObject("PUT/PUT Update User")): Send request successfully

2022-10-23 07:49:26 - [MESSAGE][INFO] - HAR: /Users/macbook/git/testing-loyalto/Reports/20221023_074912/TEST 1/TEST 1/20221023_074912/requests/main/8.har

2022-10-23 07:49:26 - [MESSAGE][PASSED] - Send request successfully

2022-10-23 07:49:26 - [TEST_STEP][PASSED] - response = sendRequestAndVerify(findTestObject("PUT/PUT Update User")): Send request and verify the response successfully

2022-10-23 07:49:27 - [MESSAGE][INFO] - HAR: /Users/macbook/git/testing-loyalto/Reports/20221023_074912/TEST 1/TEST 1/20221023_074912/requests/main/9.har

2022-10-23 07:49:27 - [TEST_CASE][PASSED] - Start Test Case : Verification: Verification accomplished successfully

2022-10-23 07:49:27 - [TEST_STEP][PASSED] - request = getInstance().getCurrentRequest(): null

2022-10-23 07:49:27 - [TEST_STEP][PASSED] - response = getInstance().getCurrentResponse(): null

2022-10-23 07:49:27 - [TEST_STEP][PASSED] - verifyResponseStatusCode(response, 200): Verify response status code successfully

2022-10-23 07:49:27 - [MESSAGE][PASSED] - Verify response status code successfully

2022-10-23 07:49:27 - [TEST_STEP][PASSED] - getStatusCode()).isEqualTo(200): null

2022-10-23 07:49:27 - [TEST_STEP][PASSED] - getStatusCode()).isIn(Arrays.asList(200, 201, 202)): null

2022-10-23 07:49:27 - [MESSAGE][PASSED] - Verify response successfully

2022-10-23 07:49:27 - [MESSAGE][PASSED] - All validation steps have been passed

2022-10-23 07:49:27 - [MESSAGE][PASSED] - Send request and verify the response successfully

2022-10-23 07:49:27 - [TEST_STEP][PASSED] - verifyResponseStatusCode(response, 200): Verify response status code successfully

2022-10-23 07:49:27 - [MESSAGE][PASSED] - Verify response status code successfully]]></system-out>
         <system-err><![CDATA[]]></system-err>
      </testcase>
      <system-out><![CDATA[2022-10-23 07:49:15 - [TEST_SUITE][PASSED] - TEST 1: Test Cases/Validation Update User]]></system-out>
      <system-err><![CDATA[]]></system-err>
   </testsuite>
</testsuites>
