<?xml version="1.0" encoding="UTF-8"?>
<testsuites name="Get validation" time="6.079" tests="2" failures="0" errors="0">
   <testsuite name="Get validation" tests="2" failures="0" errors="0" time="6.079" skipped="0" timestamp="2022-10-23 06:36:34" hostname="macbook - localhost" id="Test Suites/GET/Get validation">
      <properties>
         <property name="deviceName" value=""/>
         <property name="devicePlatform" value=""/>
         <property name="logFolder" value="/Users/macbook/git/testing-loyalto/Reports/20221023_063630/GET/Get validation/20221023_063630"/>
         <property name="logFiles" value="/Users/macbook/git/testing-loyalto/Reports/20221023_063630/GET/Get validation/20221023_063630/execution0.log"/>
         <property name="attachments" value=""/>
         <property name="hostName" value="macbook - localhost"/>
         <property name="hostAddress" value="127.0.0.1"/>
         <property name="os" value="Mac OS X 64bit"/>
         <property name="katalonVersion" value="8.4.0.208"/>
      </properties>
      <testcase name="Test Cases/Validation response single user" time="3.958" classname="Test Cases/Validation response single user" status="PASSED">
         <system-out><![CDATA[2022-10-23 06:36:34 - [TEST_CASE][PASSED] - Test Cases/Validation response single user: Test Cases/Validation response single user

2022-10-23 06:36:35 - [TEST_STEP][PASSED] - sendRequest(findTestObject("GET/Get single user")): Send request successfully

2022-10-23 06:36:37 - [MESSAGE][INFO] - HAR: /Users/macbook/git/testing-loyalto/Reports/20221023_063630/GET/Get validation/20221023_063630/requests/main/0.har

2022-10-23 06:36:37 - [MESSAGE][PASSED] - Send request successfully

2022-10-23 06:36:37 - [TEST_STEP][PASSED] - response = sendRequestAndVerify(findTestObject("GET/Get single user")): Send request and verify the response successfully

2022-10-23 06:36:37 - [MESSAGE][INFO] - HAR: /Users/macbook/git/testing-loyalto/Reports/20221023_063630/GET/Get validation/20221023_063630/requests/main/1.har

2022-10-23 06:36:37 - [TEST_CASE][PASSED] - Start Test Case : Verification: Verification accomplished successfully

2022-10-23 06:36:38 - [TEST_STEP][PASSED] - request = getInstance().getCurrentRequest(): null

2022-10-23 06:36:38 - [TEST_STEP][PASSED] - response = getInstance().getCurrentResponse(): null

2022-10-23 06:36:38 - [TEST_STEP][PASSED] - verifyResponseStatusCode(response, 200): Verify response status code successfully

2022-10-23 06:36:38 - [MESSAGE][PASSED] - Verify response status code successfully

2022-10-23 06:36:38 - [TEST_STEP][PASSED] - getStatusCode()).isEqualTo(200): null

2022-10-23 06:36:38 - [TEST_STEP][PASSED] - getStatusCode()).isIn(Arrays.asList(200, 201, 202)): null

2022-10-23 06:36:38 - [TEST_STEP][PASSED] - verifyElementPropertyValue(response, "data.first_name", "George"): Verify element property value successfully

2022-10-23 06:36:38 - [MESSAGE][PASSED] - Verify element property value successfully

2022-10-23 06:36:38 - [TEST_STEP][PASSED] - verifyResponseStatusCode(response, 200): Verify response status code successfully

2022-10-23 06:36:38 - [MESSAGE][PASSED] - Verify response status code successfully

2022-10-23 06:36:38 - [TEST_STEP][PASSED] - getStatusCode()).isEqualTo(200): null

2022-10-23 06:36:38 - [MESSAGE][PASSED] - Verify response successfully

2022-10-23 06:36:38 - [MESSAGE][PASSED] - All validation steps have been passed

2022-10-23 06:36:38 - [MESSAGE][PASSED] - Send request and verify the response successfully

2022-10-23 06:36:38 - [TEST_STEP][PASSED] - verifyResponseStatusCode(response, 200): Verify response status code successfully

2022-10-23 06:36:38 - [MESSAGE][PASSED] - Verify response status code successfully

2022-10-23 06:36:38 - [TEST_STEP][PASSED] - verifyElementPropertyValue(response, "data.first_name", "George"): Verify element property value successfully

2022-10-23 06:36:38 - [MESSAGE][PASSED] - Verify element property value successfully]]></system-out>
         <system-err><![CDATA[]]></system-err>
      </testcase>
      <testcase name="Test Cases/Validation response dan verify JSON value" time="1.661" classname="Test Cases/Validation response dan verify JSON value" status="PASSED">
         <system-out><![CDATA[2022-10-23 06:36:38 - [TEST_CASE][PASSED] - Test Cases/Validation response dan verify JSON value: Test Cases/Validation response dan verify JSON value

2022-10-23 06:36:39 - [TEST_STEP][PASSED] - sendRequest(findTestObject("GET/Get list user")): Send request successfully

2022-10-23 06:36:39 - [MESSAGE][INFO] - HAR: /Users/macbook/git/testing-loyalto/Reports/20221023_063630/GET/Get validation/20221023_063630/requests/main/2.har

2022-10-23 06:36:39 - [MESSAGE][PASSED] - Send request successfully

2022-10-23 06:36:39 - [TEST_STEP][PASSED] - response = sendRequestAndVerify(findTestObject("GET/Get list user")): Send request and verify the response successfully

2022-10-23 06:36:39 - [MESSAGE][INFO] - HAR: /Users/macbook/git/testing-loyalto/Reports/20221023_063630/GET/Get validation/20221023_063630/requests/main/3.har

2022-10-23 06:36:39 - [TEST_CASE][PASSED] - Start Test Case : Verification: Verification accomplished successfully

2022-10-23 06:36:40 - [TEST_STEP][PASSED] - request = getInstance().getCurrentRequest(): null

2022-10-23 06:36:40 - [TEST_STEP][PASSED] - response = getInstance().getCurrentResponse(): null

2022-10-23 06:36:40 - [TEST_STEP][PASSED] - verifyResponseStatusCode(response, 200): Verify response status code successfully

2022-10-23 06:36:40 - [MESSAGE][PASSED] - Verify response status code successfully

2022-10-23 06:36:40 - [TEST_STEP][PASSED] - getStatusCode()).isEqualTo(200): null

2022-10-23 06:36:40 - [TEST_STEP][PASSED] - getStatusCode()).isIn(Arrays.asList(200, 201, 202)): null

2022-10-23 06:36:40 - [TEST_STEP][PASSED] - verifyElementPropertyValue(response, "data[4].first_name", "Charles"): Verify element property value successfully

2022-10-23 06:36:40 - [MESSAGE][PASSED] - Verify element property value successfully

2022-10-23 06:36:40 - [MESSAGE][PASSED] - Verify response successfully

2022-10-23 06:36:40 - [MESSAGE][PASSED] - All validation steps have been passed

2022-10-23 06:36:40 - [MESSAGE][PASSED] - Send request and verify the response successfully

2022-10-23 06:36:40 - [TEST_STEP][PASSED] - verifyResponseStatusCode(response, 200): Verify response status code successfully

2022-10-23 06:36:40 - [MESSAGE][PASSED] - Verify response status code successfully

2022-10-23 06:36:40 - [TEST_STEP][PASSED] - verifyElementsCount(response, "data.first_name", 6): Verify element count successfully

2022-10-23 06:36:40 - [MESSAGE][PASSED] - Verify element count successfully

2022-10-23 06:36:40 - [TEST_STEP][PASSED] - verifyElementPropertyValue(response, "data[4].first_name", "Charles"): Verify element property value successfully

2022-10-23 06:36:40 - [MESSAGE][PASSED] - Verify element property value successfully]]></system-out>
         <system-err><![CDATA[]]></system-err>
      </testcase>
      <system-out><![CDATA[2022-10-23 06:36:34 - [TEST_SUITE][PASSED] - Get validation: Test Cases/Validation response dan verify JSON value]]></system-out>
      <system-err><![CDATA[]]></system-err>
   </testsuite>
</testsuites>
